<?xml version="1.0" encoding="UTF-8"?>
<testng-results skipped="0" failed="0" ignored="0" total="1" passed="1">
  <reporter-output>
  </reporter-output>
  <suite name="Default suite" duration-ms="3165" started-at="2020-09-07T05:27:51Z" finished-at="2020-09-07T05:27:54Z">
    <groups>
    </groups>
    <test name="Default test" duration-ms="3165" started-at="2020-09-07T05:27:51Z" finished-at="2020-09-07T05:27:54Z">
      <class name="com.restapi.Verify_GETRequest">
        <test-method status="PASS" signature="getspaceXDetails()[pri:0, instance:com.restapi.Verify_GETRequest@14acaea5]" name="getspaceXDetails" duration-ms="3128" started-at="2020-09-07T05:27:51Z" finished-at="2020-09-07T05:27:54Z">
          <reporter-output>
          </reporter-output>
        </test-method> <!-- getspaceXDetails -->
      </class> <!-- com.restapi.Verify_GETRequest -->
    </test> <!-- Default test -->
  </suite> <!-- Default suite -->
</testng-results>
